<?xml version="1.0" encoding="UTF-8"?>
<!-- Generated by org.testng.reporters.JUnitReportReporter -->
<testsuite hostname="DESKTOP-32L8KLL" failures="0" tests="5" name="finalAssessment.finalAssessment.AppTest" time="24.757" errors="0" timestamp="2024-04-12T21:01:45 IST" skipped="0">
  <testcase classname="finalAssessment.finalAssessment.AppTest" name="openBrowser" time="2.784"/>
  <testcase classname="finalAssessment.finalAssessment.AppTest" name="register_signup" time="1.890"/>
  <testcase classname="finalAssessment.finalAssessment.AppTest" name="addToCart" time="4.158"/>
  <testcase classname="finalAssessment.finalAssessment.AppTest" name="click_Checkout" time="9.095"/>
  <testcase classname="finalAssessment.finalAssessment.AppTest" name="logout" time="6.830"/>
</testsuite> <!-- finalAssessment.finalAssessment.AppTest -->
